<?xml version="1.0" encoding="UTF-8"?>
<!-- Generated by org.testng.reporters.JUnitXMLReporter -->
<testsuite ignored="0" hostname="EPINHYDW0D63" failures="0" tests="5" name="Default test" time="20.894" errors="0" timestamp="2025-09-26T12:00:48 IST">
  <testcase classname="com.epam.library.BorrowBooksControllerTest" name="testBorrowBook" time="5.027"/>
  <testcase classname="com.epam.library.BorrowBooksControllerTest" name="testReturnBook" time="5.016"/>
  <testcase classname="com.epam.library.BooksControllerTest" name="testAddBook" time="0.006"/>
  <testcase classname="com.epam.library.BooksControllerTest" name="testDeleteBook" time="0.003"/>
  <testcase classname="com.epam.library.PersonsControllerTest" name="testDeletePerson" time="5.02"/>
</testsuite> <!-- Default test -->
