<?xml version="1.0" encoding="UTF-8"?>
<!-- Generated by org.testng.reporters.JUnitXMLReporter -->
<testsuite ignored="0" hostname="EPINHYDW0D63" failures="0" tests="14" name="Default test" time="1.43" errors="0" timestamp="2025-09-18T11:30:28 IST">
  <testcase classname="simpleform.simpleform.test.RegistrationControllerTest" name="testValidateConfirmPassword_EmptyConfirmPassword" time="0.023"/>
  <testcase classname="simpleform.simpleform.test.RegistrationControllerTest" name="testValidateConfirmPassword_MatchingPasswords" time="0.006"/>
  <testcase classname="simpleform.simpleform.test.RegistrationControllerTest" name="testValidateConfirmPassword_PasswordMismatch" time="0.007"/>
  <testcase classname="simpleform.simpleform.test.RegistrationControllerTest" name="testValidateEmail_EmptyEmail" time="0.004"/>
  <testcase classname="simpleform.simpleform.test.RegistrationControllerTest" name="testValidateEmail_InvalidEmailFormat" time="0.006"/>
  <testcase classname="simpleform.simpleform.test.RegistrationControllerTest" name="testValidateEmail_ValidEmail" time="0.002"/>
  <testcase classname="simpleform.simpleform.test.RegistrationControllerTest" name="testValidateFullName_EmptyName" time="0.002"/>
  <testcase classname="simpleform.simpleform.test.RegistrationControllerTest" name="testValidateFullName_ValidName" time="0.001"/>
  <testcase classname="simpleform.simpleform.test.RegistrationControllerTest" name="testValidatePassword_EmptyPassword" time="0.002"/>
  <testcase classname="simpleform.simpleform.test.RegistrationControllerTest" name="testValidatePassword_TooShort" time="0.013"/>
  <testcase classname="simpleform.simpleform.test.RegistrationControllerTest" name="testValidatePassword_ValidPassword" time="0.001"/>
  <testcase classname="simpleform.simpleform.test.RegistrationControllerTest" name="testValidatePhone_EmptyPhone" time="0.003"/>
  <testcase classname="simpleform.simpleform.test.RegistrationControllerTest" name="testValidatePhone_InvalidPhoneFormat" time="0.002"/>
  <testcase classname="simpleform.simpleform.test.RegistrationControllerTest" name="testValidatePhone_ValidPhone" time="0.002"/>
</testsuite> <!-- Default test -->
