<?xml version="1.0" encoding="UTF-8"?>
<testng-results ignored="0" total="5" passed="5" failed="0" skipped="0">
  <reporter-output>
  </reporter-output>
  <suite started-at="2025-09-26T12:00:27 IST" name="Default suite" finished-at="2025-09-26T12:00:48 IST" duration-ms="20894">
    <groups>
    </groups>
    <test started-at="2025-09-26T12:00:27 IST" name="Default test" finished-at="2025-09-26T12:00:48 IST" duration-ms="20894">
      <class name="com.epam.library.BooksControllerTest">
        <test-method is-config="true" signature="setup()[pri:0, instance:com.epam.library.BooksControllerTest@7d37f1c]" started-at="2025-09-26T12:00:38 IST" name="setup" finished-at="2025-09-26T12:00:38 IST" duration-ms="36" status="PASS">
          <reporter-output>
          </reporter-output>
        </test-method> <!-- setup -->
        <test-method signature="testAddBook()[pri:0, instance:com.epam.library.BooksControllerTest@7d37f1c]" started-at="2025-09-26T12:00:38 IST" name="testAddBook" finished-at="2025-09-26T12:00:38 IST" duration-ms="6" status="PASS">
          <reporter-output>
          </reporter-output>
        </test-method> <!-- testAddBook -->
        <test-method is-config="true" signature="setup()[pri:0, instance:com.epam.library.BooksControllerTest@7d37f1c]" started-at="2025-09-26T12:00:38 IST" name="setup" finished-at="2025-09-26T12:00:38 IST" duration-ms="2" status="PASS">
          <reporter-output>
          </reporter-output>
        </test-method> <!-- setup -->
        <test-method signature="testDeleteBook()[pri:0, instance:com.epam.library.BooksControllerTest@7d37f1c]" started-at="2025-09-26T12:00:38 IST" name="testDeleteBook" finished-at="2025-09-26T12:00:38 IST" duration-ms="3" status="PASS">
          <reporter-output>
          </reporter-output>
        </test-method> <!-- testDeleteBook -->
      </class> <!-- com.epam.library.BooksControllerTest -->
      <class name="com.epam.library.BorrowBooksControllerTest">
        <test-method is-config="true" signature="setup()[pri:0, instance:com.epam.library.BorrowBooksControllerTest@42b21d99]" started-at="2025-09-26T12:00:27 IST" name="setup" finished-at="2025-09-26T12:00:28 IST" duration-ms="609" status="PASS">
          <reporter-output>
          </reporter-output>
        </test-method> <!-- setup -->
        <test-method signature="testBorrowBook()[pri:0, instance:com.epam.library.BorrowBooksControllerTest@42b21d99]" started-at="2025-09-26T12:00:28 IST" name="testBorrowBook" finished-at="2025-09-26T12:00:33 IST" duration-ms="5027" status="PASS">
          <reporter-output>
          </reporter-output>
        </test-method> <!-- testBorrowBook -->
        <test-method signature="testReturnBook()[pri:0, instance:com.epam.library.BorrowBooksControllerTest@42b21d99]" started-at="2025-09-26T12:00:33 IST" name="testReturnBook" finished-at="2025-09-26T12:00:38 IST" duration-ms="5016" status="PASS">
          <reporter-output>
          </reporter-output>
        </test-method> <!-- testReturnBook -->
      </class> <!-- com.epam.library.BorrowBooksControllerTest -->
      <class name="com.epam.library.PersonsControllerTest">
        <test-method is-config="true" signature="setup()[pri:0, instance:com.epam.library.PersonsControllerTest@69d6a7cd]" started-at="2025-09-26T12:00:38 IST" name="setup" finished-at="2025-09-26T12:00:43 IST" duration-ms="5023" status="PASS">
          <reporter-output>
          </reporter-output>
        </test-method> <!-- setup -->
        <test-method signature="testDeletePerson()[pri:0, instance:com.epam.library.PersonsControllerTest@69d6a7cd]" started-at="2025-09-26T12:00:43 IST" name="testDeletePerson" finished-at="2025-09-26T12:00:48 IST" duration-ms="5020" status="PASS">
          <reporter-output>
          </reporter-output>
        </test-method> <!-- testDeletePerson -->
      </class> <!-- com.epam.library.PersonsControllerTest -->
    </test> <!-- Default test -->
  </suite> <!-- Default suite -->
</testng-results>
