<?xml version="1.0" encoding="UTF-8"?>
<!-- Generated by org.testng.reporters.JUnitReportReporter -->
<testsuite hostname="EPINHYDW0D63" failures="0" tests="2" name="com.epam.library.BooksControllerTest" time="0.047" errors="0" timestamp="2025-09-26T12:00:48 IST" skipped="0">
  <testcase classname="com.epam.library.BooksControllerTest" name="testAddBook" time="0.008"/>
  <testcase classname="com.epam.library.BooksControllerTest" name="testDeleteBook" time="0.039"/>
</testsuite> <!-- com.epam.library.BooksControllerTest -->
