<?xml version="1.0" encoding="UTF-8"?>
<!-- Generated by org.testng.reporters.JUnitReportReporter -->
<testsuite hostname="EPINHYDW0D63" failures="0" tests="4" name="com.epam.library.test.BooksControllerTest" time="0.211" errors="0" timestamp="2025-09-25T15:00:12 IST" skipped="0">
  <testcase classname="com.epam.library.test.BooksControllerTest" name="testSaveBooks" time="0.191"/>
  <testcase classname="com.epam.library.test.BooksControllerTest" name="testLoadBooks" time="0.004"/>
  <testcase classname="com.epam.library.test.BooksControllerTest" name="testAddBook" time="0.013"/>
  <testcase classname="com.epam.library.test.BooksControllerTest" name="testDeleteBook" time="0.003"/>
</testsuite> <!-- com.epam.library.test.BooksControllerTest -->
