<?xml version="1.0" encoding="UTF-8"?>
<!-- Generated by org.testng.reporters.JUnitReportReporter -->
<testsuite hostname="EPINHYDW0D63" failures="0" tests="2" name="com.epam.library.test.BorrowBooksControllerTest" time="0.143" errors="0" timestamp="2025-09-25T15:00:24 IST" skipped="0">
  <testcase classname="com.epam.library.test.BorrowBooksControllerTest" name="testReturnBook" time="0.130"/>
  <testcase classname="com.epam.library.test.BorrowBooksControllerTest" name="testBorrowBook" time="0.013"/>
</testsuite> <!-- com.epam.library.test.BorrowBooksControllerTest -->
