<?xml version="1.0" encoding="UTF-8"?>
<!-- Generated by org.testng.reporters.JUnitReportReporter -->
<testsuite hostname="EPINHYDW0D63" failures="0" tests="2" name="com.epam.library.BorrowBooksControllerTest" time="10.043" errors="0" timestamp="2025-09-26T12:00:48 IST" skipped="0">
  <testcase classname="com.epam.library.BorrowBooksControllerTest" name="testReturnBook" time="5.016"/>
  <testcase classname="com.epam.library.BorrowBooksControllerTest" name="testBorrowBook" time="5.027"/>
</testsuite> <!-- com.epam.library.BorrowBooksControllerTest -->
