<?xml version="1.0" encoding="UTF-8"?>
<!-- Generated by org.testng.reporters.JUnitReportReporter -->
<testsuite hostname="EPINHYDW0D63" failures="0" tests="14" name="simpleform.simpleform.test.RegistrationControllerTest" time="0.490" errors="0" timestamp="2025-09-18T11:30:28 IST" skipped="0">
  <testcase classname="simpleform.simpleform.test.RegistrationControllerTest" name="testValidateFullName_ValidName" time="0.003"/>
  <testcase classname="simpleform.simpleform.test.RegistrationControllerTest" name="testValidatePassword_TooShort" time="0.019"/>
  <testcase classname="simpleform.simpleform.test.RegistrationControllerTest" name="testValidateConfirmPassword_EmptyConfirmPassword" time="0.026"/>
  <testcase classname="simpleform.simpleform.test.RegistrationControllerTest" name="testValidateFullName_EmptyName" time="0.022"/>
  <testcase classname="simpleform.simpleform.test.RegistrationControllerTest" name="testValidateEmail_ValidEmail" time="0.004"/>
  <testcase classname="simpleform.simpleform.test.RegistrationControllerTest" name="testValidatePassword_ValidPassword" time="0.017"/>
  <testcase classname="simpleform.simpleform.test.RegistrationControllerTest" name="testValidatePassword_EmptyPassword" time="0.327"/>
  <testcase classname="simpleform.simpleform.test.RegistrationControllerTest" name="testValidateEmail_EmptyEmail" time="0.006"/>
  <testcase classname="simpleform.simpleform.test.RegistrationControllerTest" name="testValidatePhone_InvalidPhoneFormat" time="0.011"/>
  <testcase classname="simpleform.simpleform.test.RegistrationControllerTest" name="testValidatePhone_ValidPhone" time="0.006"/>
  <testcase classname="simpleform.simpleform.test.RegistrationControllerTest" name="testValidatePhone_EmptyPhone" time="0.005"/>
  <testcase classname="simpleform.simpleform.test.RegistrationControllerTest" name="testValidateConfirmPassword_PasswordMismatch" time="0.010"/>
  <testcase classname="simpleform.simpleform.test.RegistrationControllerTest" name="testValidateEmail_InvalidEmailFormat" time="0.021"/>
  <testcase classname="simpleform.simpleform.test.RegistrationControllerTest" name="testValidateConfirmPassword_MatchingPasswords" time="0.013"/>
</testsuite> <!-- simpleform.simpleform.test.RegistrationControllerTest -->
